2022-04-13 17:14:55.9697|0|DEBUG|EShop.Web.Program|init main 
2022-04-13 17:15:10.7598|0|INFO|Microsoft.Hosting.Lifetime|Application started. Press Ctrl+C to shut down. 
2022-04-13 17:15:10.7845|0|INFO|Microsoft.Hosting.Lifetime|Hosting environment: Development 
2022-04-13 17:15:10.7845|0|INFO|Microsoft.Hosting.Lifetime|Content root path: C:\Users\Dimitar Kitanovski\Desktop\Documents\Faculty\Summer Semester\Integrated Systems\Auditory Exercises\First\EShopApplication22\EShop\EShop.Web 
2022-04-13 17:15:35.2428|0|INFO|EShop.Web.Controllers.ProductsController|User Request -> Get All products! 
2022-04-13 17:15:39.2971|0|INFO|EShop.Web.Controllers.ProductsController|User Request -> Get edit form for Product! 
2022-04-13 17:15:44.1786|0|INFO|EShop.Web.Controllers.ProductsController|User Request -> Update Product in DataBase! 
2022-04-13 17:15:44.3258|0|INFO|EShop.Web.Controllers.ProductsController|User Request -> Get All products! 
2022-04-13 17:15:45.8274|0|INFO|EShop.Web.Controllers.ProductsController|User Request -> Get create form for Product! 
2022-04-13 17:16:31.2336|0|INFO|EShop.Web.Controllers.ProductsController|User Request -> Inser Product in DataBase! 
2022-04-13 17:16:31.3503|0|INFO|EShop.Web.Controllers.ProductsController|User Request -> Get All products! 
2022-04-13 17:16:38.0263|0|INFO|EShop.Web.Controllers.ProductsController|User Request -> Add Product in ShoppingCart and save changes in database! 
2022-04-13 17:16:38.1239|0|INFO|EShop.Web.Controllers.ProductsController|User Request -> Get All products! 
2022-04-13 17:16:43.4746|0|INFO|EShop.Web.Controllers.ProductsController|User Request -> Add Product in ShoppingCart and save changes in database! 
2022-04-13 17:16:43.7204|0|INFO|EShop.Web.Controllers.ProductsController|User Request -> Get All products! 
2022-04-13 17:16:49.8403|0|INFO|EShop.Web.Controllers.ProductsController|User Request -> Add Product in ShoppingCart and save changes in database! 
2022-04-13 17:16:49.9291|0|INFO|EShop.Web.Controllers.ProductsController|User Request -> Get All products! 
2022-04-13 17:17:13.7797|0|INFO|EShop.Web.Controllers.ProductsController|User Request -> Get All products! 
2022-04-13 17:17:26.0096|0|INFO|EShop.Web.Controllers.ProductsController|User Request -> Get All products! 
2022-04-13 17:18:34.3552|0|DEBUG|EShop.Web.Program|init main 
2022-04-13 17:18:37.1729|0|INFO|Microsoft.Hosting.Lifetime|Application started. Press Ctrl+C to shut down. 
2022-04-13 17:18:37.1801|0|INFO|Microsoft.Hosting.Lifetime|Hosting environment: Development 
2022-04-13 17:18:37.1801|0|INFO|Microsoft.Hosting.Lifetime|Content root path: C:\Users\Dimitar Kitanovski\Desktop\Documents\Faculty\Summer Semester\Integrated Systems\Auditory Exercises\First\EShopApplication22\EShop\EShop.Web 
2022-04-13 17:19:04.9263|0|INFO|EShop.Web.Controllers.ProductsController|User Request -> Get All products! 
2022-04-13 17:19:11.0193|0|INFO|EShop.Web.Controllers.ProductsController|User Request -> Add Product in ShoppingCart and save changes in database! 
2022-04-13 17:19:13.7532|0|INFO|EShop.Web.Controllers.ProductsController|User Request -> Get All products! 
2022-04-13 17:19:17.3515|0|INFO|EShop.Web.Controllers.ProductsController|User Request -> Get All products! 
2022-04-13 17:19:21.2205|0|INFO|EShop.Web.Controllers.ProductsController|User Request -> Add Product in ShoppingCart and save changes in database! 
2022-04-13 17:24:05.1343|0|DEBUG|EShop.Web.Program|init main 
2022-04-13 17:24:08.0369|0|INFO|Microsoft.Hosting.Lifetime|Application started. Press Ctrl+C to shut down. 
2022-04-13 17:24:08.0369|0|INFO|Microsoft.Hosting.Lifetime|Hosting environment: Development 
2022-04-13 17:24:08.0505|0|INFO|Microsoft.Hosting.Lifetime|Content root path: C:\Users\Dimitar Kitanovski\Desktop\Documents\Faculty\Summer Semester\Integrated Systems\Auditory Exercises\First\EShopApplication22\EShop\EShop.Web 
2022-04-13 17:24:13.3424|0|INFO|EShop.Web.Controllers.ProductsController|User Request -> Get All products! 
2022-04-13 17:24:18.9941|0|INFO|EShop.Web.Controllers.ProductsController|User Request -> Get All products! 
2022-04-13 17:24:23.2334|0|INFO|EShop.Web.Controllers.ProductsController|User Request -> Add Product in ShoppingCart and save changes in database! 
2022-04-13 17:24:37.1957|1|ERROR|Microsoft.AspNetCore.Diagnostics.DeveloperExceptionPageMiddleware|An unhandled exception has occurred while executing the request. System.InvalidOperationException: The instance of entity type 'ProductInShoppingCart' cannot be tracked because another instance with the same key value for {'ProductId', 'ShoppingCartId'} is already being tracked. When attaching existing entities, ensure that only one entity instance with a given key value is attached. Consider using 'DbContextOptionsBuilder.EnableSensitiveDataLogging' to see the conflicting key values.
   at Microsoft.EntityFrameworkCore.ChangeTracking.Internal.IdentityMap`1.ThrowIdentityConflict(InternalEntityEntry entry)
   at Microsoft.EntityFrameworkCore.ChangeTracking.Internal.IdentityMap`1.Add(TKey key, InternalEntityEntry entry, Boolean updateDuplicate)
   at Microsoft.EntityFrameworkCore.ChangeTracking.Internal.IdentityMap`1.Add(TKey key, InternalEntityEntry entry)
   at Microsoft.EntityFrameworkCore.ChangeTracking.Internal.NullableKeyIdentityMap`1.Add(InternalEntityEntry entry)
   at Microsoft.EntityFrameworkCore.ChangeTracking.Internal.StateManager.UpdateIdentityMap(InternalEntityEntry entry, IKey key)
   at Microsoft.EntityFrameworkCore.ChangeTracking.Internal.NavigationFixer.KeyPropertyChanged(InternalEntityEntry entry, IProperty property, IReadOnlyList`1 containingPrincipalKeys, IReadOnlyList`1 containingForeignKeys, Object oldValue, Object newValue)
   at Microsoft.EntityFrameworkCore.ChangeTracking.Internal.InternalEntityEntryNotifier.KeyPropertyChanged(InternalEntityEntry entry, IProperty property, IReadOnlyList`1 keys, IReadOnlyList`1 foreignKeys, Object oldValue, Object newValue)
   at Microsoft.EntityFrameworkCore.ChangeTracking.Internal.ChangeDetector.DetectKeyChange(InternalEntityEntry entry, IProperty property)
   at Microsoft.EntityFrameworkCore.ChangeTracking.Internal.ChangeDetector.PropertyChanged(InternalEntityEntry entry, IPropertyBase propertyBase, Boolean setModified)
   at Microsoft.EntityFrameworkCore.ChangeTracking.Internal.InternalEntityEntryNotifier.PropertyChanged(InternalEntityEntry entry, IPropertyBase property, Boolean setModified)
   at Microsoft.EntityFrameworkCore.ChangeTracking.Internal.InternalEntityEntry.SetProperty(IPropertyBase propertyBase, Object value, Boolean isMaterialization, Boolean setModified, Boolean isCascadeDelete, CurrentValueType valueType)
   at Microsoft.EntityFrameworkCore.ChangeTracking.Internal.InternalEntityEntry.SetProperty(IPropertyBase propertyBase, Object value, Boolean isMaterialization, Boolean setModified, Boolean isCascadeDelete)
   at Microsoft.EntityFrameworkCore.ChangeTracking.Internal.NavigationFixer.SetForeignKeyProperties(InternalEntityEntry dependentEntry, InternalEntityEntry principalEntry, IForeignKey foreignKey, Boolean setModified, Boolean fromQuery)
   at Microsoft.EntityFrameworkCore.ChangeTracking.Internal.NavigationFixer.InitialFixup(InternalEntityEntry entry, Boolean fromQuery)
   at Microsoft.EntityFrameworkCore.ChangeTracking.Internal.NavigationFixer.StateChanged(InternalEntityEntry entry, EntityState oldState, Boolean fromQuery)
   at Microsoft.EntityFrameworkCore.ChangeTracking.Internal.InternalEntityEntryNotifier.StateChanged(InternalEntityEntry entry, EntityState oldState, Boolean fromQuery)
   at Microsoft.EntityFrameworkCore.ChangeTracking.Internal.InternalEntityEntry.FireStateChanged(EntityState oldState)
   at Microsoft.EntityFrameworkCore.ChangeTracking.Internal.InternalEntityEntry.SetEntityState(EntityState oldState, EntityState newState, Boolean acceptChanges, Boolean modifyProperties)
   at Microsoft.EntityFrameworkCore.ChangeTracking.Internal.InternalEntityEntry.SetEntityState(EntityState entityState, Boolean acceptChanges, Boolean modifyProperties, Nullable`1 forceStateWhenUnknownKey)
   at Microsoft.EntityFrameworkCore.ChangeTracking.Internal.EntityGraphAttacher.PaintAction(EntityEntryGraphNode`1 node)
   at Microsoft.EntityFrameworkCore.ChangeTracking.Internal.EntityEntryGraphIterator.TraverseGraph[TState](EntityEntryGraphNode`1 node, Func`2 handleNode)
   at Microsoft.EntityFrameworkCore.ChangeTracking.Internal.EntityGraphAttacher.AttachGraph(InternalEntityEntry rootEntry, EntityState targetState, EntityState storeGeneratedWithKeySetTargetState, Boolean forceStateWhenUnknownKey)
   at Microsoft.EntityFrameworkCore.DbContext.SetEntityState(InternalEntityEntry entry, EntityState entityState)
   at Microsoft.EntityFrameworkCore.DbContext.SetEntityState[TEntity](TEntity entity, EntityState entityState)
   at Microsoft.EntityFrameworkCore.DbContext.Add[TEntity](TEntity entity)
   at Microsoft.EntityFrameworkCore.Internal.InternalDbSet`1.Add(TEntity entity)
   at EShop.Repository.Implementation.Repository`1.Insert(T entity) in C:\Users\Dimitar Kitanovski\Desktop\Documents\Faculty\Summer Semester\Integrated Systems\Auditory Exercises\First\EShopApplication22\EShop\EShop.Repository\Implementation\Repository.cs:line 37
   at EShop.Service.Implementation.ProductService.AddToShoppingCart(AddToShoppingCardDto item, String userID) in C:\Users\Dimitar Kitanovski\Desktop\Documents\Faculty\Summer Semester\Integrated Systems\Auditory Exercises\First\EShopApplication22\EShop\EShop.Service\Implementation\ProductService.cs:line 59
   at EShop.Web.Controllers.ProductsController.AddProductToCard(AddToShoppingCardDto model) in C:\Users\Dimitar Kitanovski\Desktop\Documents\Faculty\Summer Semester\Integrated Systems\Auditory Exercises\First\EShopApplication22\EShop\EShop.Web\Controllers\ProductsController.cs:line 177
   at lambda_method(Closure , Object , Object[] )
   at Microsoft.Extensions.Internal.ObjectMethodExecutor.Execute(Object target, Object[] parameters)
   at Microsoft.AspNetCore.Mvc.Infrastructure.ActionMethodExecutor.SyncActionResultExecutor.Execute(IActionResultTypeMapper mapper, ObjectMethodExecutor executor, Object controller, Object[] arguments)
   at Microsoft.AspNetCore.Mvc.Infrastructure.ControllerActionInvoker.InvokeActionMethodAsync()
   at Microsoft.AspNetCore.Mvc.Infrastructure.ControllerActionInvoker.Next(State& next, Scope& scope, Object& state, Boolean& isCompleted)
   at Microsoft.AspNetCore.Mvc.Infrastructure.ControllerActionInvoker.InvokeNextActionFilterAsync()
--- End of stack trace from previous location where exception was thrown ---
   at Microsoft.AspNetCore.Mvc.Infrastructure.ControllerActionInvoker.Rethrow(ActionExecutedContextSealed context)
   at Microsoft.AspNetCore.Mvc.Infrastructure.ControllerActionInvoker.Next(State& next, Scope& scope, Object& state, Boolean& isCompleted)
   at Microsoft.AspNetCore.Mvc.Infrastructure.ControllerActionInvoker.InvokeInnerFilterAsync()
--- End of stack trace from previous location where exception was thrown ---
   at Microsoft.AspNetCore.Mvc.Infrastructure.ResourceInvoker.<InvokeNextResourceFilter>g__Awaited|24_0(ResourceInvoker invoker, Task lastTask, State next, Scope scope, Object state, Boolean isCompleted)
   at Microsoft.AspNetCore.Mvc.Infrastructure.ResourceInvoker.Rethrow(ResourceExecutedContextSealed context)
   at Microsoft.AspNetCore.Mvc.Infrastructure.ResourceInvoker.Next(State& next, Scope& scope, Object& state, Boolean& isCompleted)
   at Microsoft.AspNetCore.Mvc.Infrastructure.ResourceInvoker.InvokeFilterPipelineAsync()
--- End of stack trace from previous location where exception was thrown ---
   at Microsoft.AspNetCore.Mvc.Infrastructure.ResourceInvoker.<InvokeAsync>g__Awaited|17_0(ResourceInvoker invoker, Task task, IDisposable scope)
   at Microsoft.AspNetCore.Routing.EndpointMiddleware.<Invoke>g__AwaitRequestTask|6_0(Endpoint endpoint, Task requestTask, ILogger logger)
   at Microsoft.AspNetCore.Authorization.AuthorizationMiddleware.Invoke(HttpContext context)
   at Microsoft.AspNetCore.Authentication.AuthenticationMiddleware.Invoke(HttpContext context)
   at Microsoft.AspNetCore.Diagnostics.EntityFrameworkCore.MigrationsEndPointMiddleware.Invoke(HttpContext context)
   at Microsoft.AspNetCore.Diagnostics.EntityFrameworkCore.DatabaseErrorPageMiddleware.Invoke(HttpContext httpContext)
   at Microsoft.AspNetCore.Diagnostics.EntityFrameworkCore.DatabaseErrorPageMiddleware.Invoke(HttpContext httpContext)
   at Microsoft.AspNetCore.Diagnostics.DeveloperExceptionPageMiddleware.Invoke(HttpContext context)
2022-04-13 17:24:49.8848|0|INFO|EShop.Web.Controllers.ProductsController|User Request -> Add Product in ShoppingCart and save changes in database! 
2022-04-13 17:26:02.3040|0|DEBUG|EShop.Web.Program|init main 
2022-04-13 17:26:08.7706|0|INFO|Microsoft.Hosting.Lifetime|Application started. Press Ctrl+C to shut down. 
2022-04-13 17:26:08.7706|0|INFO|Microsoft.Hosting.Lifetime|Hosting environment: Development 
2022-04-13 17:26:08.7706|0|INFO|Microsoft.Hosting.Lifetime|Content root path: C:\Users\Dimitar Kitanovski\Desktop\Documents\Faculty\Summer Semester\Integrated Systems\Auditory Exercises\First\EShopApplication22\EShop\EShop.Web 
2022-04-13 17:28:22.0765|0|DEBUG|EShop.Web.Program|init main 
2022-04-13 17:28:26.1797|0|INFO|Microsoft.Hosting.Lifetime|Application started. Press Ctrl+C to shut down. 
2022-04-13 17:28:26.1797|0|INFO|Microsoft.Hosting.Lifetime|Hosting environment: Development 
2022-04-13 17:28:26.1901|0|INFO|Microsoft.Hosting.Lifetime|Content root path: C:\Users\Dimitar Kitanovski\Desktop\Documents\Faculty\Summer Semester\Integrated Systems\Auditory Exercises\First\EShopApplication22\EShop\EShop.Web 
2022-04-13 17:28:31.5616|0|INFO|EShop.Web.Controllers.ProductsController|User Request -> Get All products! 
2022-04-13 17:28:36.9296|0|INFO|EShop.Web.Controllers.ProductsController|User Request -> Add Product in ShoppingCart and save changes in database! 
2022-04-13 17:30:18.4619|0|DEBUG|EShop.Web.Program|init main 
2022-04-13 17:30:21.7038|0|INFO|Microsoft.Hosting.Lifetime|Application started. Press Ctrl+C to shut down. 
2022-04-13 17:30:21.7085|0|INFO|Microsoft.Hosting.Lifetime|Hosting environment: Development 
2022-04-13 17:30:21.7085|0|INFO|Microsoft.Hosting.Lifetime|Content root path: C:\Users\Dimitar Kitanovski\Desktop\Documents\Faculty\Summer Semester\Integrated Systems\Auditory Exercises\First\EShopApplication22\EShop\EShop.Web 
2022-04-13 17:30:28.2129|0|INFO|EShop.Web.Controllers.ProductsController|User Request -> Get All products! 
2022-04-13 17:30:32.2722|0|INFO|EShop.Web.Controllers.ProductsController|User Request -> Add Product in ShoppingCart and save changes in database! 
2022-04-13 17:31:54.9441|0|DEBUG|EShop.Web.Program|init main 
2022-04-13 17:31:57.4993|0|INFO|Microsoft.Hosting.Lifetime|Application started. Press Ctrl+C to shut down. 
2022-04-13 17:31:57.5025|0|INFO|Microsoft.Hosting.Lifetime|Hosting environment: Development 
2022-04-13 17:31:57.5025|0|INFO|Microsoft.Hosting.Lifetime|Content root path: C:\Users\Dimitar Kitanovski\Desktop\Documents\Faculty\Summer Semester\Integrated Systems\Auditory Exercises\First\EShopApplication22\EShop\EShop.Web 
2022-04-13 17:32:02.7486|0|INFO|EShop.Web.Controllers.ProductsController|User Request -> Get All products! 
2022-04-13 17:32:09.0314|0|INFO|EShop.Web.Controllers.ProductsController|User Request -> Add Product in ShoppingCart and save changes in database! 
2022-04-13 17:34:52.3482|0|DEBUG|EShop.Web.Program|init main 
2022-04-13 17:34:58.6399|0|INFO|Microsoft.Hosting.Lifetime|Application started. Press Ctrl+C to shut down. 
2022-04-13 17:34:58.6518|0|INFO|Microsoft.Hosting.Lifetime|Hosting environment: Development 
2022-04-13 17:34:58.6610|0|INFO|Microsoft.Hosting.Lifetime|Content root path: C:\Users\Dimitar Kitanovski\Desktop\Documents\Faculty\Summer Semester\Integrated Systems\Auditory Exercises\First\EShopApplication22\EShop\EShop.Web 
2022-04-13 17:35:06.5604|0|INFO|EShop.Web.Controllers.ProductsController|User Request -> Get All products! 
2022-04-13 17:35:09.6865|0|INFO|EShop.Web.Controllers.ProductsController|User Request -> Add Product in ShoppingCart and save changes in database! 
2022-04-13 17:35:52.9535|0|INFO|EShop.Web.Controllers.ProductsController|User Request -> Get All products! 
2022-04-13 17:35:58.0174|0|INFO|EShop.Web.Controllers.ProductsController|User Request -> Get All products! 
2022-04-13 17:36:02.6053|0|INFO|EShop.Web.Controllers.ProductsController|User Request -> Add Product in ShoppingCart and save changes in database! 
2022-04-13 17:38:36.6756|0|DEBUG|EShop.Web.Program|init main 
2022-04-13 17:38:40.0770|0|INFO|Microsoft.Hosting.Lifetime|Application started. Press Ctrl+C to shut down. 
2022-04-13 17:38:40.0770|0|INFO|Microsoft.Hosting.Lifetime|Hosting environment: Development 
2022-04-13 17:38:40.0878|0|INFO|Microsoft.Hosting.Lifetime|Content root path: C:\Users\Dimitar Kitanovski\Desktop\Documents\Faculty\Summer Semester\Integrated Systems\Auditory Exercises\First\EShopApplication22\EShop\EShop.Web 
2022-04-13 17:38:49.3455|0|INFO|EShop.Web.Controllers.ProductsController|User Request -> Get All products! 
2022-04-13 17:38:54.6322|0|INFO|EShop.Web.Controllers.ProductsController|User Request -> Add Product in ShoppingCart and save changes in database! 
2022-04-13 17:39:16.2715|0|INFO|EShop.Web.Controllers.ProductsController|User Request -> Get All products! 
2022-04-13 17:39:19.9224|0|INFO|EShop.Web.Controllers.ProductsController|User Request -> Get All products! 
2022-04-13 17:39:30.8475|0|INFO|EShop.Web.Controllers.ProductsController|User Request -> Add Product in ShoppingCart and save changes in database! 
2022-04-13 17:41:12.2086|0|DEBUG|EShop.Web.Program|init main 
2022-04-13 17:41:16.2347|0|INFO|Microsoft.Hosting.Lifetime|Application started. Press Ctrl+C to shut down. 
2022-04-13 17:41:16.2409|0|INFO|Microsoft.Hosting.Lifetime|Hosting environment: Development 
2022-04-13 17:41:16.2409|0|INFO|Microsoft.Hosting.Lifetime|Content root path: C:\Users\Dimitar Kitanovski\Desktop\Documents\Faculty\Summer Semester\Integrated Systems\Auditory Exercises\First\EShopApplication22\EShop\EShop.Web 
2022-04-13 17:42:57.2669|0|DEBUG|EShop.Web.Program|init main 
2022-04-13 17:43:00.8464|0|INFO|Microsoft.Hosting.Lifetime|Application started. Press Ctrl+C to shut down. 
2022-04-13 17:43:00.8464|0|INFO|Microsoft.Hosting.Lifetime|Hosting environment: Development 
2022-04-13 17:43:00.8464|0|INFO|Microsoft.Hosting.Lifetime|Content root path: C:\Users\Dimitar Kitanovski\Desktop\Documents\Faculty\Summer Semester\Integrated Systems\Auditory Exercises\First\EShopApplication22\EShop\EShop.Web 
2022-04-13 17:43:29.8463|0|INFO|EShop.Web.Controllers.ProductsController|User Request -> Get All products! 
2022-04-13 17:43:31.1412|0|INFO|EShop.Web.Controllers.ProductsController|User Request -> Get create form for Product! 
2022-04-13 17:43:41.0871|0|INFO|EShop.Web.Controllers.ProductsController|User Request -> Inser Product in DataBase! 
2022-04-13 17:43:45.9210|0|INFO|EShop.Web.Controllers.ProductsController|User Request -> Get All products! 
2022-04-13 17:43:48.2787|0|INFO|EShop.Web.Controllers.ProductsController|User Request -> Get create form for Product! 
2022-04-13 17:44:00.9794|0|INFO|EShop.Web.Controllers.ProductsController|User Request -> Inser Product in DataBase! 
2022-04-13 17:44:03.8688|0|INFO|EShop.Web.Controllers.ProductsController|User Request -> Get All products! 
2022-04-13 17:44:07.5912|0|INFO|EShop.Web.Controllers.ProductsController|User Request -> Get edit form for Product! 
2022-04-13 17:44:16.7563|0|INFO|EShop.Web.Controllers.ProductsController|User Request -> Update Product in DataBase! 
2022-04-13 17:44:16.8318|0|INFO|EShop.Web.Controllers.ProductsController|User Request -> Get All products! 
2022-04-13 17:44:18.6491|0|INFO|EShop.Web.Controllers.ProductsController|User Request -> Get edit form for Product! 
2022-04-13 17:44:36.5035|0|INFO|EShop.Web.Controllers.ProductsController|User Request -> Update Product in DataBase! 
2022-04-13 17:44:36.8356|0|INFO|EShop.Web.Controllers.ProductsController|User Request -> Get All products! 
2022-04-13 17:44:42.6168|0|INFO|EShop.Web.Controllers.ProductsController|User Request -> Add Product in ShoppingCart and save changes in database! 
2022-04-13 17:44:46.3977|0|INFO|EShop.Web.Controllers.ProductsController|User Request -> Get All products! 
2022-04-13 17:44:50.7886|0|INFO|EShop.Web.Controllers.ProductsController|User Request -> Get All products! 
2022-04-13 17:44:55.2428|0|INFO|EShop.Web.Controllers.ProductsController|User Request -> Add Product in ShoppingCart and save changes in database! 
2022-04-13 17:45:26.1901|0|INFO|EShop.Web.Controllers.ProductsController|User Request -> Get All products! 
2022-04-13 17:45:56.0583|0|INFO|EShop.Web.Controllers.ProductsController|User Request -> Get All products! 
2022-04-13 17:46:03.6162|0|INFO|EShop.Web.Controllers.ProductsController|User Request -> Add Product in ShoppingCart and save changes in database! 
2022-04-13 17:46:10.1974|0|INFO|EShop.Web.Controllers.ProductsController|User Request -> Get All products! 
2022-04-13 18:09:03.7136|0|DEBUG|EShop.Web.Program|init main 
2022-04-13 18:09:09.0247|0|INFO|Microsoft.Hosting.Lifetime|Application started. Press Ctrl+C to shut down. 
2022-04-13 18:09:09.0247|0|INFO|Microsoft.Hosting.Lifetime|Hosting environment: Development 
2022-04-13 18:09:09.0439|0|INFO|Microsoft.Hosting.Lifetime|Content root path: C:\Users\Dimitar Kitanovski\Desktop\Documents\Faculty\Summer Semester\Integrated Systems\Auditory Exercises\First\EShopApplication22\EShop\EShop.Web 
2022-04-13 18:09:37.2844|0|INFO|EShop.Web.Controllers.ProductsController|User Request -> Get All products! 
2022-04-13 18:09:43.5771|0|INFO|EShop.Web.Controllers.ProductsController|User Request -> Get All products! 
2022-04-13 18:10:26.9222|1|ERROR|Microsoft.AspNetCore.Diagnostics.DeveloperExceptionPageMiddleware|An unhandled exception has occurred while executing the request. System.Text.Json.JsonException: A possible object cycle was detected which is not supported. This can either be due to a cycle or if the object depth is larger than the maximum allowed depth of 32.
   at System.Text.Json.ThrowHelper.ThrowInvalidOperationException_SerializerCycleDetected(Int32 maxDepth)
   at System.Text.Json.JsonSerializer.Write(Utf8JsonWriter writer, Int32 originalWriterDepth, Int32 flushThreshold, JsonSerializerOptions options, WriteStack& state)
   at System.Text.Json.JsonSerializer.WriteAsyncCore(Stream utf8Json, Object value, Type inputType, JsonSerializerOptions options, CancellationToken cancellationToken)
   at Microsoft.AspNetCore.Mvc.Formatters.SystemTextJsonOutputFormatter.WriteResponseBodyAsync(OutputFormatterWriteContext context, Encoding selectedEncoding)
   at Microsoft.AspNetCore.Mvc.Formatters.SystemTextJsonOutputFormatter.WriteResponseBodyAsync(OutputFormatterWriteContext context, Encoding selectedEncoding)
   at Microsoft.AspNetCore.Mvc.Infrastructure.ResourceInvoker.<InvokeNextResultFilterAsync>g__Awaited|29_0[TFilter,TFilterAsync](ResourceInvoker invoker, Task lastTask, State next, Scope scope, Object state, Boolean isCompleted)
   at Microsoft.AspNetCore.Mvc.Infrastructure.ResourceInvoker.Rethrow(ResultExecutedContextSealed context)
   at Microsoft.AspNetCore.Mvc.Infrastructure.ResourceInvoker.ResultNext[TFilter,TFilterAsync](State& next, Scope& scope, Object& state, Boolean& isCompleted)
   at Microsoft.AspNetCore.Mvc.Infrastructure.ResourceInvoker.InvokeResultFilters()
--- End of stack trace from previous location where exception was thrown ---
   at Microsoft.AspNetCore.Mvc.Infrastructure.ResourceInvoker.<InvokeNextResourceFilter>g__Awaited|24_0(ResourceInvoker invoker, Task lastTask, State next, Scope scope, Object state, Boolean isCompleted)
   at Microsoft.AspNetCore.Mvc.Infrastructure.ResourceInvoker.Rethrow(ResourceExecutedContextSealed context)
   at Microsoft.AspNetCore.Mvc.Infrastructure.ResourceInvoker.Next(State& next, Scope& scope, Object& state, Boolean& isCompleted)
   at Microsoft.AspNetCore.Mvc.Infrastructure.ResourceInvoker.InvokeFilterPipelineAsync()
--- End of stack trace from previous location where exception was thrown ---
   at Microsoft.AspNetCore.Mvc.Infrastructure.ResourceInvoker.<InvokeAsync>g__Awaited|17_0(ResourceInvoker invoker, Task task, IDisposable scope)
   at Microsoft.AspNetCore.Routing.EndpointMiddleware.<Invoke>g__AwaitRequestTask|6_0(Endpoint endpoint, Task requestTask, ILogger logger)
   at Microsoft.AspNetCore.Authorization.AuthorizationMiddleware.Invoke(HttpContext context)
   at Microsoft.AspNetCore.Authentication.AuthenticationMiddleware.Invoke(HttpContext context)
   at Microsoft.AspNetCore.Diagnostics.EntityFrameworkCore.MigrationsEndPointMiddleware.Invoke(HttpContext context)
   at Microsoft.AspNetCore.Diagnostics.EntityFrameworkCore.DatabaseErrorPageMiddleware.Invoke(HttpContext httpContext)
   at Microsoft.AspNetCore.Diagnostics.EntityFrameworkCore.DatabaseErrorPageMiddleware.Invoke(HttpContext httpContext)
   at Microsoft.AspNetCore.Diagnostics.DeveloperExceptionPageMiddleware.Invoke(HttpContext context)
2022-04-13 18:12:37.5105|0|DEBUG|EShop.Web.Program|init main 
2022-04-13 18:12:40.9992|0|INFO|Microsoft.Hosting.Lifetime|Application started. Press Ctrl+C to shut down. 
2022-04-13 18:12:41.0027|0|INFO|Microsoft.Hosting.Lifetime|Hosting environment: Development 
2022-04-13 18:12:41.0027|0|INFO|Microsoft.Hosting.Lifetime|Content root path: C:\Users\Dimitar Kitanovski\Desktop\Documents\Faculty\Summer Semester\Integrated Systems\Auditory Exercises\First\EShopApplication22\EShop\EShop.Web 
2022-04-13 18:12:44.6143|0|INFO|EShop.Web.Controllers.ProductsController|User Request -> Get All products! 
2022-04-13 18:20:48.8206|0|DEBUG|EShop.Web.Program|init main 
2022-04-13 18:20:54.7659|0|INFO|Microsoft.Hosting.Lifetime|Application started. Press Ctrl+C to shut down. 
2022-04-13 18:20:54.7799|0|INFO|Microsoft.Hosting.Lifetime|Hosting environment: Development 
2022-04-13 18:20:54.8056|0|INFO|Microsoft.Hosting.Lifetime|Content root path: C:\Users\Dimitar Kitanovski\Desktop\Documents\Faculty\Summer Semester\Integrated Systems\Auditory Exercises\First\EShopApplication22\EShop\EShop.Web 
2022-04-13 18:21:10.2202|0|INFO|EShop.Web.Controllers.ProductsController|User Request -> Get All products! 
2022-04-13 18:29:28.3807|0|DEBUG|EShop.Web.Program|init main 
2022-04-13 18:29:31.3537|0|INFO|Microsoft.Hosting.Lifetime|Application started. Press Ctrl+C to shut down. 
2022-04-13 18:29:31.3537|0|INFO|Microsoft.Hosting.Lifetime|Hosting environment: Development 
2022-04-13 18:29:31.3639|0|INFO|Microsoft.Hosting.Lifetime|Content root path: C:\Users\Dimitar Kitanovski\Desktop\Documents\Faculty\Summer Semester\Integrated Systems\Auditory Exercises\First\EShopApplication22\EShop\EShop.Web 
2022-04-13 18:33:14.3942|0|DEBUG|EShop.Web.Program|init main 
2022-04-13 18:33:17.3041|0|INFO|Microsoft.Hosting.Lifetime|Application started. Press Ctrl+C to shut down. 
2022-04-13 18:33:17.3041|0|INFO|Microsoft.Hosting.Lifetime|Hosting environment: Development 
2022-04-13 18:33:17.3041|0|INFO|Microsoft.Hosting.Lifetime|Content root path: C:\Users\Dimitar Kitanovski\Desktop\Documents\Faculty\Summer Semester\Integrated Systems\Auditory Exercises\First\EShopApplication22\EShop\EShop.Web 
