2022-04-20 17:11:42.9179|0|DEBUG|EShop.Web.Program|init main 
2022-04-20 17:11:48.8181|0|INFO|Microsoft.Hosting.Lifetime|Application started. Press Ctrl+C to shut down. 
2022-04-20 17:11:48.8492|0|INFO|Microsoft.Hosting.Lifetime|Hosting environment: Development 
2022-04-20 17:11:48.8545|0|INFO|Microsoft.Hosting.Lifetime|Content root path: C:\Users\Dimitar Kitanovski\Desktop\Documents\Faculty\Summer Semester\Integrated Systems\Auditory Exercises\First\EShopApplication22\EShop\EShop.Web 
2022-04-20 17:12:22.6484|0|INFO|EShop.Web.Controllers.ProductsController|User Request -> Get All products! 
2022-04-20 17:12:30.1645|0|INFO|EShop.Web.Controllers.ProductsController|User Request -> Add Product in ShoppingCart and save changes in database! 
2022-04-20 17:12:31.7909|0|INFO|EShop.Web.Controllers.ProductsController|User Request -> Get All products! 
2022-04-20 17:12:37.7750|0|INFO|EShop.Web.Controllers.ProductsController|User Request -> Add Product in ShoppingCart and save changes in database! 
2022-04-20 17:12:37.9105|0|INFO|EShop.Web.Controllers.ProductsController|User Request -> Get All products! 
2022-04-20 17:12:44.6909|0|INFO|EShop.Web.Controllers.ProductsController|User Request -> Get All products! 
2022-04-20 17:13:16.2777|0|INFO|EShop.Web.Controllers.ProductsController|User Request -> Get All products! 
2022-04-20 17:13:19.6048|0|INFO|EShop.Web.Controllers.ProductsController|User Request -> Get All products! 
2022-04-20 17:23:36.5344|0|DEBUG|EShop.Web.Program|init main 
2022-04-20 17:23:41.2948|0|INFO|Microsoft.Hosting.Lifetime|Application started. Press Ctrl+C to shut down. 
2022-04-20 17:23:41.3171|0|INFO|Microsoft.Hosting.Lifetime|Hosting environment: Development 
2022-04-20 17:23:41.3263|0|INFO|Microsoft.Hosting.Lifetime|Content root path: C:\Users\Dimitar Kitanovski\Desktop\Documents\Faculty\Summer Semester\Integrated Systems\Auditory Exercises\First\EShopApplication22\EShop\EShop.Web 
2022-04-20 17:24:46.5390|0|DEBUG|EShop.Web.Program|init main 
2022-04-20 17:24:53.1365|0|INFO|Microsoft.Hosting.Lifetime|Application started. Press Ctrl+C to shut down. 
2022-04-20 17:24:53.1365|0|INFO|Microsoft.Hosting.Lifetime|Hosting environment: Development 
2022-04-20 17:24:53.1365|0|INFO|Microsoft.Hosting.Lifetime|Content root path: C:\Users\Dimitar Kitanovski\Desktop\Documents\Faculty\Summer Semester\Integrated Systems\Auditory Exercises\First\EShopApplication22\EShop\EShop.Web 
