2022-05-11 17:36:57.7435|0|DEBUG|EShop.Web.Program|init main 
2022-05-11 17:37:24.4921|0|ERROR|EShop.Web.Program|Stopped program because of exception MailKit.Security.AuthenticationException: 535: 5.7.8 Username and Password not accepted. Learn more at
5.7.8  https://support.google.com/mail/?p=BadCredentials s8-20020a170906060800b006f3ef214e0esm1136392ejb.116 - gsmtp
 ---> MailKit.Net.Smtp.SmtpCommandException: 5.7.8 Username and Password not accepted. Learn more at
5.7.8  https://support.google.com/mail/?p=BadCredentials s8-20020a170906060800b006f3ef214e0esm1136392ejb.116 - gsmtp
   --- End of inner exception stack trace ---
   at MailKit.Net.Smtp.SmtpClient.AuthenticateAsync(Encoding encoding, ICredentials credentials, Boolean doAsync, CancellationToken cancellationToken)
   at EShop.Service.Implementation.EmailService.SendEmailAsync(List`1 allMails) in C:\Users\Dimitar Kitanovski\Desktop\Documents\Faculty\Summer Semester\Integrated Systems\Auditory Exercises\First\EShopApplication22\EShop\EShop.Service\Implementation\EmailService.cs:line 55
   at EShop.Service.Implementation.BackgroundEmailSender.DoWork() in C:\Users\Dimitar Kitanovski\Desktop\Documents\Faculty\Summer Semester\Integrated Systems\Auditory Exercises\First\EShopApplication22\EShop\EShop.Service\Implementation\BackgroundEmailSender.cs:line 25
   at EShop.Service.EmailScopedHostedService.DoWork() in C:\Users\Dimitar Kitanovski\Desktop\Documents\Faculty\Summer Semester\Integrated Systems\Auditory Exercises\First\EShopApplication22\EShop\EShop.Service\EmailScopedHostedService.cs:line 32
   at EShop.Service.EmailScopedHostedService.StartAsync(CancellationToken cancellationToken) in C:\Users\Dimitar Kitanovski\Desktop\Documents\Faculty\Summer Semester\Integrated Systems\Auditory Exercises\First\EShopApplication22\EShop\EShop.Service\EmailScopedHostedService.cs:line 24
   at Microsoft.Extensions.Hosting.Internal.Host.StartAsync(CancellationToken cancellationToken)
   at Microsoft.Extensions.Hosting.HostingAbstractionsHostExtensions.RunAsync(IHost host, CancellationToken token)
   at Microsoft.Extensions.Hosting.HostingAbstractionsHostExtensions.RunAsync(IHost host, CancellationToken token)
   at Microsoft.Extensions.Hosting.HostingAbstractionsHostExtensions.Run(IHost host)
   at EShop.Web.Program.Main(String[] args) in C:\Users\Dimitar Kitanovski\Desktop\Documents\Faculty\Summer Semester\Integrated Systems\Auditory Exercises\First\EShopApplication22\EShop\EShop.Web\Program.cs:line 19
2022-05-11 17:38:13.2255|0|DEBUG|EShop.Web.Program|init main 
2022-05-11 17:38:17.0711|0|INFO|Microsoft.Hosting.Lifetime|Application started. Press Ctrl+C to shut down. 
2022-05-11 17:38:17.0711|0|INFO|Microsoft.Hosting.Lifetime|Hosting environment: Development 
2022-05-11 17:38:17.0869|0|INFO|Microsoft.Hosting.Lifetime|Content root path: C:\Users\Dimitar Kitanovski\Desktop\Documents\Faculty\Summer Semester\Integrated Systems\Auditory Exercises\First\EShopApplication22\EShop\EShop.Web 
2022-05-11 17:38:22.5976|0|INFO|EShop.Web.Controllers.ProductsController|User Request -> Get All products! 
2022-05-11 17:38:27.7937|0|INFO|EShop.Web.Controllers.ProductsController|User Request -> Get All products! 
2022-05-11 17:51:00.5579|0|DEBUG|EShop.Web.Program|init main 
2022-05-11 17:51:08.5802|0|INFO|Microsoft.Hosting.Lifetime|Application started. Press Ctrl+C to shut down. 
2022-05-11 17:51:08.5802|0|INFO|Microsoft.Hosting.Lifetime|Hosting environment: Development 
2022-05-11 17:51:08.5906|0|INFO|Microsoft.Hosting.Lifetime|Content root path: C:\Users\Dimitar Kitanovski\Desktop\Documents\Faculty\Summer Semester\Integrated Systems\Auditory Exercises\First\EShopApplication22\EShop\EShop.Web 
2022-05-11 17:51:13.1407|0|INFO|EShop.Web.Controllers.ProductsController|User Request -> Get All products! 
2022-05-11 17:51:21.4789|0|INFO|EShop.Web.Controllers.ProductsController|User Request -> Add Product in ShoppingCart and save changes in database! 
2022-05-11 17:51:22.2472|0|INFO|EShop.Web.Controllers.ProductsController|User Request -> Get All products! 
2022-05-11 17:52:05.7399|0|DEBUG|EShop.Web.Program|init main 
2022-05-11 17:52:10.6406|0|INFO|Microsoft.Hosting.Lifetime|Application started. Press Ctrl+C to shut down. 
2022-05-11 17:52:10.6545|0|INFO|Microsoft.Hosting.Lifetime|Hosting environment: Development 
2022-05-11 17:52:10.6727|0|INFO|Microsoft.Hosting.Lifetime|Content root path: C:\Users\Dimitar Kitanovski\Desktop\Documents\Faculty\Summer Semester\Integrated Systems\Auditory Exercises\First\EShopApplication22\EShop\EShop.Web 
2022-05-11 17:54:27.8769|0|DEBUG|EShop.Web.Program|init main 
2022-05-11 17:54:32.4068|0|INFO|Microsoft.Hosting.Lifetime|Application started. Press Ctrl+C to shut down. 
2022-05-11 17:54:32.4068|0|INFO|Microsoft.Hosting.Lifetime|Hosting environment: Development 
2022-05-11 17:54:32.4156|0|INFO|Microsoft.Hosting.Lifetime|Content root path: C:\Users\Dimitar Kitanovski\Desktop\Documents\Faculty\Summer Semester\Integrated Systems\Auditory Exercises\First\EShopApplication22\EShop\EShop.Web 
2022-05-11 17:54:35.7104|0|INFO|EShop.Web.Controllers.ProductsController|User Request -> Get All products! 
2022-05-11 18:03:15.2369|0|DEBUG|EShop.Web.Program|init main 
2022-05-11 18:03:21.6431|0|INFO|Microsoft.Hosting.Lifetime|Application started. Press Ctrl+C to shut down. 
2022-05-11 18:03:21.6431|0|INFO|Microsoft.Hosting.Lifetime|Hosting environment: Development 
2022-05-11 18:03:21.6510|0|INFO|Microsoft.Hosting.Lifetime|Content root path: C:\Users\Dimitar Kitanovski\Desktop\Documents\Faculty\Summer Semester\Integrated Systems\Auditory Exercises\First\EShopApplication22\EShop\EShop.Web 
2022-05-11 18:05:42.7426|0|DEBUG|EShop.Web.Program|init main 
2022-05-11 18:05:48.4720|0|INFO|Microsoft.Hosting.Lifetime|Application started. Press Ctrl+C to shut down. 
2022-05-11 18:05:48.4720|0|INFO|Microsoft.Hosting.Lifetime|Hosting environment: Development 
2022-05-11 18:05:48.4812|0|INFO|Microsoft.Hosting.Lifetime|Content root path: C:\Users\Dimitar Kitanovski\Desktop\Documents\Faculty\Summer Semester\Integrated Systems\Auditory Exercises\First\EShopApplication22\EShop\EShop.Web 
2022-05-11 18:05:56.0643|0|INFO|EShop.Web.Controllers.ProductsController|User Request -> Get All products! 
2022-05-11 18:05:59.4986|0|INFO|EShop.Web.Controllers.ProductsController|User Request -> Add Product in ShoppingCart and save changes in database! 
2022-05-11 18:06:00.1730|0|INFO|EShop.Web.Controllers.ProductsController|User Request -> Get All products! 
